app\questions.py:189: error: Incompatible return value type (got "list[tuple[Column[int], Column[str], Column[str], Column[int], Column[int]]]", expected "Optional[list[tuple[int, str, Optional[str], int, int]]]")  [return-value]
app\questions.py:245: error: Incompatible return value type (got "list[tuple[int, str, Optional[str], int, int]]", expected "list[tuple[int, str, Optional[str]]]")  [return-value]
app\questions.py:250: error: Incompatible return value type (got "list[tuple[int, str, Optional[str], int, int]]", expected "list[tuple[int, str, Optional[str]]]")  [return-value]
app\questions.py:256: error: Incompatible return value type (got "list[tuple[int, str, Optional[str], int, int]]", expected "list[tuple[int, str, Optional[str]]]")  [return-value]
app\questions.py:268: error: Incompatible return value type (got "list[tuple[int, str, Optional[str], int, int]]", expected "list[tuple[int, str, Optional[str]]]")  [return-value]
app\questions.py:290: error: Incompatible return value type (got "list[tuple[int, str, Optional[str], int, int]]", expected "list[tuple[int, str, Optional[str]]]")  [return-value]
app\cli.py:204: error: Item "None" of "Optional[ExamSession]" has no attribute "is_finished"  [union-attr]
app\cli.py:207: error: Item "None" of "Optional[ExamSession]" has no attribute "get_progress"  [union-attr]
app\cli.py:208: error: Item "None" of "Optional[ExamSession]" has no attribute "get_current_question"  [union-attr]
app\cli.py:240: error: Item "None" of "Optional[ExamSession]" has no attribute "go_back"  [union-attr]
app\cli.py:246: error: Item "None" of "Optional[ExamSession]" has no attribute "submit_answer"  [union-attr]
app\cli.py:265: error: Item "None" of "Optional[ExamSession]" has no attribute "submit_reflection"  [union-attr]
app\cli.py:317: error: Item "None" of "Optional[ExamSession]" has no attribute "finish_exam"  [union-attr]
app\cli.py:325: error: Item "None" of "Optional[ExamSession]" has no attribute "responses"  [union-attr]
app\cli.py:326: error: Item "None" of "Optional[ExamSession]" has no attribute "score"  [union-attr]
app\cli.py:328: error: Item "None" of "Optional[ExamSession]" has no attribute "sentiment_score"  [union-attr]
app\cli.py:339: error: Item "None" of "Optional[ExamSession]" has no attribute "score"  [union-attr]
app\cli.py:341: error: Item "None" of "Optional[ExamSession]" has no attribute "sentiment_score"  [union-attr]
app\cli.py:352: error: Item "None" of "Optional[ExamSession]" has no attribute "score"  [union-attr]
app\cli.py:357: error: Item "None" of "Optional[ExamSession]" has no attribute "score"  [union-attr]
app\cli.py:362: error: Item "None" of "Optional[ExamSession]" has no attribute "is_rushed"  [union-attr]
app\cli.py:365: error: Item "None" of "Optional[ExamSession]" has no attribute "is_inconsistent"  [union-attr]
app\cli.py:752: error: Need type annotation for "hour_scores" (hint: "hour_scores: dict[<type>, <type>] = ...")  [var-annotated]
Found 23 errors in 2 files (checked 46 source files)
